2022-07-28 00:33:22,881 [Worker-4: Loading available Gradle versions] INFO  o.e.b.c.i.u.g.PublishedGradleVersions - Gradle version information cache is up-to-date. Trying to read.
2022-07-28 00:34:55,626 [Worker-4: Update Maven projects configuration] INFO  o.e.m.c.i.p.ProjectConfigurationManager - Update started
2022-07-28 00:34:57,046 [Worker-4: Update Maven projects configuration] INFO  o.e.m.c.i.l.LifecycleMappingFactory - Using org.eclipse.m2e.jdt.JarLifecycleMapping lifecycle mapping for MavenProject: com.quizGame:quiz-game:1.0-SNAPSHOT @ D:\Practica\quiz-game\quiz-game-back\quiz-game\pom.xml.
2022-07-28 00:34:57,449 [Worker-4: Update Maven projects configuration] INFO  o.e.m.j.i.AbstractJavaProjectConfigurator - Adding source folder /quiz-game/src/main/java
2022-07-28 00:34:57,463 [Worker-4: Update Maven projects configuration] INFO  o.e.m.j.i.AbstractJavaProjectConfigurator - Adding source folder /quiz-game/src/test/java
2022-07-28 00:34:57,711 [Worker-4: Update Maven projects configuration] INFO  o.e.m.c.i.p.ProjectConfigurationManager - Update completed: 2 sec
2022-07-28 00:34:57,965 [Worker-8: Building] INFO  o.e.m.c.i.embedder.EclipseLogger - Using 'UTF-8' encoding to copy filtered resources.
2022-07-28 00:34:57,965 [Worker-8: Building] INFO  o.e.m.c.i.embedder.EclipseLogger - skip non existing resourceDirectory D:\Practica\quiz-game\quiz-game-back\quiz-game\src\main\resources
2022-07-28 00:34:57,970 [Worker-8: Building] INFO  o.e.m.c.i.embedder.EclipseLogger - Using 'UTF-8' encoding to copy filtered resources.
2022-07-28 00:34:57,971 [Worker-8: Building] INFO  o.e.m.c.i.embedder.EclipseLogger - skip non existing resourceDirectory D:\Practica\quiz-game\quiz-game-back\quiz-game\src\test\resources
2022-07-28 00:34:58,582 [Worker-7: Download sources and javadoc] INFO  o.e.m.c.i.e.AbstractTransferListenerAdapter - Downloading https://repo.maven.apache.org/maven2/com/google/protobuf/protobuf-java/2.6.0/protobuf-java-2.6.0-sources.jar
2022-07-28 00:34:58,768 [Worker-7: Download sources and javadoc] INFO  o.e.m.c.i.e.AbstractTransferListenerAdapter - Downloaded https://repo.maven.apache.org/maven2/com/google/protobuf/protobuf-java/2.6.0/protobuf-java-2.6.0-sources.jar
2022-07-28 00:34:58,774 [Worker-7: Download sources and javadoc] INFO  o.e.m.j.internal.DownloadSourcesJob - Downloaded sources for com.google.protobuf:protobuf-java:2.6.0
2022-07-28 00:34:59,093 [Worker-0: Building] INFO  o.e.m.c.i.embedder.EclipseLogger - Using 'UTF-8' encoding to copy filtered resources.
2022-07-28 00:34:59,093 [Worker-0: Building] INFO  o.e.m.c.i.embedder.EclipseLogger - skip non existing resourceDirectory D:\Practica\quiz-game\quiz-game-back\quiz-game\src\main\resources
2022-07-28 00:34:59,095 [Worker-0: Building] INFO  o.e.m.c.i.embedder.EclipseLogger - Using 'UTF-8' encoding to copy filtered resources.
2022-07-28 00:34:59,095 [Worker-0: Building] INFO  o.e.m.c.i.embedder.EclipseLogger - skip non existing resourceDirectory D:\Practica\quiz-game\quiz-game-back\quiz-game\src\test\resources
2022-07-28 00:35:24,470 [Worker-7: Building] INFO  o.e.m.c.i.embedder.EclipseLogger - Using 'UTF-8' encoding to copy filtered resources.
2022-07-28 00:35:24,470 [Worker-7: Building] INFO  o.e.m.c.i.embedder.EclipseLogger - skip non existing resourceDirectory D:\Practica\quiz-game\quiz-game-back\quiz-game\src\main\resources
2022-07-28 00:35:24,473 [Worker-7: Building] INFO  o.e.m.c.i.embedder.EclipseLogger - Using 'UTF-8' encoding to copy filtered resources.
2022-07-28 00:35:24,473 [Worker-7: Building] INFO  o.e.m.c.i.embedder.EclipseLogger - skip non existing resourceDirectory D:\Practica\quiz-game\quiz-game-back\quiz-game\src\test\resources
2022-07-28 00:35:29,362 [Worker-1: Building] INFO  o.e.m.c.i.embedder.EclipseLogger - Using 'UTF-8' encoding to copy filtered resources.
2022-07-28 00:35:29,362 [Worker-1: Building] INFO  o.e.m.c.i.embedder.EclipseLogger - skip non existing resourceDirectory D:\Practica\quiz-game\quiz-game-back\quiz-game\src\main\resources
2022-07-28 00:35:29,363 [Worker-1: Building] INFO  o.e.m.c.i.embedder.EclipseLogger - Using 'UTF-8' encoding to copy filtered resources.
2022-07-28 00:35:29,363 [Worker-1: Building] INFO  o.e.m.c.i.embedder.EclipseLogger - skip non existing resourceDirectory D:\Practica\quiz-game\quiz-game-back\quiz-game\src\test\resources
2022-07-28 00:36:22,395 [Worker-4: Building] INFO  o.e.m.c.i.embedder.EclipseLogger - Using 'UTF-8' encoding to copy filtered resources.
2022-07-28 00:36:22,395 [Worker-4: Building] INFO  o.e.m.c.i.embedder.EclipseLogger - skip non existing resourceDirectory D:\Practica\quiz-game\quiz-game-back\quiz-game\src\main\resources
2022-07-28 00:36:22,398 [Worker-4: Building] INFO  o.e.m.c.i.embedder.EclipseLogger - Using 'UTF-8' encoding to copy filtered resources.
2022-07-28 00:36:22,398 [Worker-4: Building] INFO  o.e.m.c.i.embedder.EclipseLogger - skip non existing resourceDirectory D:\Practica\quiz-game\quiz-game-back\quiz-game\src\test\resources
2022-07-28 00:38:14,714 [Worker-9: Building] INFO  o.e.m.c.i.embedder.EclipseLogger - Using 'UTF-8' encoding to copy filtered resources.
2022-07-28 00:38:14,714 [Worker-9: Building] INFO  o.e.m.c.i.embedder.EclipseLogger - skip non existing resourceDirectory D:\Practica\quiz-game\quiz-game-back\quiz-game\src\main\resources
2022-07-28 00:38:14,716 [Worker-9: Building] INFO  o.e.m.c.i.embedder.EclipseLogger - Using 'UTF-8' encoding to copy filtered resources.
2022-07-28 00:38:14,716 [Worker-9: Building] INFO  o.e.m.c.i.embedder.EclipseLogger - skip non existing resourceDirectory D:\Practica\quiz-game\quiz-game-back\quiz-game\src\test\resources
2022-07-28 00:38:33,651 [Worker-10: Building] INFO  o.e.m.c.i.embedder.EclipseLogger - Using 'UTF-8' encoding to copy filtered resources.
2022-07-28 00:38:33,652 [Worker-10: Building] INFO  o.e.m.c.i.embedder.EclipseLogger - skip non existing resourceDirectory D:\Practica\quiz-game\quiz-game-back\quiz-game\src\main\resources
2022-07-28 00:38:33,653 [Worker-10: Building] INFO  o.e.m.c.i.embedder.EclipseLogger - Using 'UTF-8' encoding to copy filtered resources.
2022-07-28 00:38:33,654 [Worker-10: Building] INFO  o.e.m.c.i.embedder.EclipseLogger - skip non existing resourceDirectory D:\Practica\quiz-game\quiz-game-back\quiz-game\src\test\resources
2022-07-28 00:38:39,784 [Worker-6: Building] INFO  o.e.m.c.i.embedder.EclipseLogger - Using 'UTF-8' encoding to copy filtered resources.
2022-07-28 00:38:39,785 [Worker-6: Building] INFO  o.e.m.c.i.embedder.EclipseLogger - skip non existing resourceDirectory D:\Practica\quiz-game\quiz-game-back\quiz-game\src\main\resources
2022-07-28 00:38:39,787 [Worker-6: Building] INFO  o.e.m.c.i.embedder.EclipseLogger - Using 'UTF-8' encoding to copy filtered resources.
2022-07-28 00:38:39,787 [Worker-6: Building] INFO  o.e.m.c.i.embedder.EclipseLogger - skip non existing resourceDirectory D:\Practica\quiz-game\quiz-game-back\quiz-game\src\test\resources
2022-07-28 00:39:56,665 [Worker-0: Loading available Gradle versions] INFO  o.e.b.c.i.u.g.PublishedGradleVersions - Gradle version information cache is up-to-date. Trying to read.
2022-07-28 00:40:10,213 [Worker-8: Building] INFO  o.e.m.c.i.embedder.EclipseLogger - Using 'UTF-8' encoding to copy filtered resources.
2022-07-28 00:40:10,215 [Worker-8: Building] INFO  o.e.m.c.i.embedder.EclipseLogger - skip non existing resourceDirectory D:\Practica\quiz-game\quiz-game-back\quiz-game\src\main\resources
2022-07-28 00:40:10,217 [Worker-8: Building] INFO  o.e.m.c.i.embedder.EclipseLogger - Using 'UTF-8' encoding to copy filtered resources.
2022-07-28 00:40:10,217 [Worker-8: Building] INFO  o.e.m.c.i.embedder.EclipseLogger - skip non existing resourceDirectory D:\Practica\quiz-game\quiz-game-back\quiz-game\src\test\resources
2022-07-28 00:40:18,854 [Worker-2: Building] INFO  o.e.m.c.i.embedder.EclipseLogger - Using 'UTF-8' encoding to copy filtered resources.
2022-07-28 00:40:18,855 [Worker-2: Building] INFO  o.e.m.c.i.embedder.EclipseLogger - skip non existing resourceDirectory D:\Practica\quiz-game\quiz-game-back\quiz-game\src\main\resources
2022-07-28 00:40:18,857 [Worker-2: Building] INFO  o.e.m.c.i.embedder.EclipseLogger - Using 'UTF-8' encoding to copy filtered resources.
2022-07-28 00:40:18,857 [Worker-2: Building] INFO  o.e.m.c.i.embedder.EclipseLogger - skip non existing resourceDirectory D:\Practica\quiz-game\quiz-game-back\quiz-game\src\test\resources
2022-07-28 00:40:32,935 [Worker-8: Building] INFO  o.e.m.c.i.embedder.EclipseLogger - Using 'UTF-8' encoding to copy filtered resources.
2022-07-28 00:40:32,935 [Worker-8: Building] INFO  o.e.m.c.i.embedder.EclipseLogger - skip non existing resourceDirectory D:\Practica\quiz-game\quiz-game-back\quiz-game\src\main\resources
2022-07-28 00:40:32,943 [Worker-8: Building] INFO  o.e.m.c.i.embedder.EclipseLogger - Using 'UTF-8' encoding to copy filtered resources.
2022-07-28 00:40:32,944 [Worker-8: Building] INFO  o.e.m.c.i.embedder.EclipseLogger - skip non existing resourceDirectory D:\Practica\quiz-game\quiz-game-back\quiz-game\src\test\resources
2022-07-28 00:41:00,636 [Worker-8: Building] INFO  o.e.m.c.i.embedder.EclipseLogger - Using 'UTF-8' encoding to copy filtered resources.
2022-07-28 00:41:00,636 [Worker-8: Building] INFO  o.e.m.c.i.embedder.EclipseLogger - skip non existing resourceDirectory D:\Practica\quiz-game\quiz-game-back\quiz-game\src\main\resources
2022-07-28 00:41:00,639 [Worker-8: Building] INFO  o.e.m.c.i.embedder.EclipseLogger - Using 'UTF-8' encoding to copy filtered resources.
2022-07-28 00:41:00,639 [Worker-8: Building] INFO  o.e.m.c.i.embedder.EclipseLogger - skip non existing resourceDirectory D:\Practica\quiz-game\quiz-game-back\quiz-game\src\test\resources
2022-07-28 00:41:19,344 [Worker-4: Building] INFO  o.e.m.c.i.embedder.EclipseLogger - Using 'UTF-8' encoding to copy filtered resources.
2022-07-28 00:41:19,345 [Worker-4: Building] INFO  o.e.m.c.i.embedder.EclipseLogger - skip non existing resourceDirectory D:\Practica\quiz-game\quiz-game-back\quiz-game\src\main\resources
2022-07-28 00:41:19,347 [Worker-4: Building] INFO  o.e.m.c.i.embedder.EclipseLogger - Using 'UTF-8' encoding to copy filtered resources.
2022-07-28 00:41:19,347 [Worker-4: Building] INFO  o.e.m.c.i.embedder.EclipseLogger - skip non existing resourceDirectory D:\Practica\quiz-game\quiz-game-back\quiz-game\src\test\resources
2022-07-28 00:42:01,363 [Worker-11: Building] INFO  o.e.m.c.i.embedder.EclipseLogger - Using 'UTF-8' encoding to copy filtered resources.
2022-07-28 00:42:01,363 [Worker-11: Building] INFO  o.e.m.c.i.embedder.EclipseLogger - skip non existing resourceDirectory D:\Practica\quiz-game\quiz-game-back\quiz-game\src\main\resources
2022-07-28 00:42:01,365 [Worker-11: Building] INFO  o.e.m.c.i.embedder.EclipseLogger - Using 'UTF-8' encoding to copy filtered resources.
2022-07-28 00:42:01,365 [Worker-11: Building] INFO  o.e.m.c.i.embedder.EclipseLogger - skip non existing resourceDirectory D:\Practica\quiz-game\quiz-game-back\quiz-game\src\test\resources
2022-07-28 00:42:18,978 [Worker-6: Building] INFO  o.e.m.c.i.embedder.EclipseLogger - Using 'UTF-8' encoding to copy filtered resources.
2022-07-28 00:42:18,979 [Worker-6: Building] INFO  o.e.m.c.i.embedder.EclipseLogger - skip non existing resourceDirectory D:\Practica\quiz-game\quiz-game-back\quiz-game\src\main\resources
2022-07-28 00:42:18,983 [Worker-6: Building] INFO  o.e.m.c.i.embedder.EclipseLogger - Using 'UTF-8' encoding to copy filtered resources.
2022-07-28 00:42:18,984 [Worker-6: Building] INFO  o.e.m.c.i.embedder.EclipseLogger - skip non existing resourceDirectory D:\Practica\quiz-game\quiz-game-back\quiz-game\src\test\resources
2022-07-28 00:42:24,534 [Worker-7: Building] INFO  o.e.m.c.i.embedder.EclipseLogger - Using 'UTF-8' encoding to copy filtered resources.
2022-07-28 00:42:24,535 [Worker-7: Building] INFO  o.e.m.c.i.embedder.EclipseLogger - skip non existing resourceDirectory D:\Practica\quiz-game\quiz-game-back\quiz-game\src\main\resources
2022-07-28 00:42:24,538 [Worker-7: Building] INFO  o.e.m.c.i.embedder.EclipseLogger - Using 'UTF-8' encoding to copy filtered resources.
2022-07-28 00:42:24,538 [Worker-7: Building] INFO  o.e.m.c.i.embedder.EclipseLogger - skip non existing resourceDirectory D:\Practica\quiz-game\quiz-game-back\quiz-game\src\test\resources
2022-07-28 00:42:38,553 [Worker-2: Building] INFO  o.e.m.c.i.embedder.EclipseLogger - Using 'UTF-8' encoding to copy filtered resources.
2022-07-28 00:42:38,553 [Worker-2: Building] INFO  o.e.m.c.i.embedder.EclipseLogger - skip non existing resourceDirectory D:\Practica\quiz-game\quiz-game-back\quiz-game\src\main\resources
2022-07-28 00:42:38,555 [Worker-2: Building] INFO  o.e.m.c.i.embedder.EclipseLogger - Using 'UTF-8' encoding to copy filtered resources.
2022-07-28 00:42:38,556 [Worker-2: Building] INFO  o.e.m.c.i.embedder.EclipseLogger - skip non existing resourceDirectory D:\Practica\quiz-game\quiz-game-back\quiz-game\src\test\resources
2022-07-28 00:46:51,720 [Worker-0: Loading available Gradle versions] INFO  o.e.b.c.i.u.g.PublishedGradleVersions - Gradle version information cache is up-to-date. Trying to read.
2022-07-28 00:47:37,963 [Worker-5: Building] INFO  o.e.m.c.i.embedder.EclipseLogger - Using 'UTF-8' encoding to copy filtered resources.
2022-07-28 00:47:37,964 [Worker-5: Building] INFO  o.e.m.c.i.embedder.EclipseLogger - skip non existing resourceDirectory D:\Practica\quiz-game\quiz-game-back\quiz-game\src\main\resources
2022-07-28 00:47:37,967 [Worker-5: Building] INFO  o.e.m.c.i.embedder.EclipseLogger - Using 'UTF-8' encoding to copy filtered resources.
2022-07-28 00:47:37,967 [Worker-5: Building] INFO  o.e.m.c.i.embedder.EclipseLogger - skip non existing resourceDirectory D:\Practica\quiz-game\quiz-game-back\quiz-game\src\test\resources
2022-07-28 00:47:58,665 [Worker-3: Building] INFO  o.e.m.c.i.embedder.EclipseLogger - Using 'UTF-8' encoding to copy filtered resources.
2022-07-28 00:47:58,665 [Worker-3: Building] INFO  o.e.m.c.i.embedder.EclipseLogger - skip non existing resourceDirectory D:\Practica\quiz-game\quiz-game-back\quiz-game\src\main\resources
2022-07-28 00:47:58,668 [Worker-3: Building] INFO  o.e.m.c.i.embedder.EclipseLogger - Using 'UTF-8' encoding to copy filtered resources.
2022-07-28 00:47:58,669 [Worker-3: Building] INFO  o.e.m.c.i.embedder.EclipseLogger - skip non existing resourceDirectory D:\Practica\quiz-game\quiz-game-back\quiz-game\src\test\resources
2022-07-28 00:48:10,665 [Worker-9: Building] INFO  o.e.m.c.i.embedder.EclipseLogger - Using 'UTF-8' encoding to copy filtered resources.
2022-07-28 00:48:10,665 [Worker-9: Building] INFO  o.e.m.c.i.embedder.EclipseLogger - skip non existing resourceDirectory D:\Practica\quiz-game\quiz-game-back\quiz-game\src\main\resources
2022-07-28 00:48:10,667 [Worker-9: Building] INFO  o.e.m.c.i.embedder.EclipseLogger - Using 'UTF-8' encoding to copy filtered resources.
2022-07-28 00:48:10,668 [Worker-9: Building] INFO  o.e.m.c.i.embedder.EclipseLogger - skip non existing resourceDirectory D:\Practica\quiz-game\quiz-game-back\quiz-game\src\test\resources
2022-07-28 00:48:38,590 [Worker-0: Building] INFO  o.e.m.c.i.embedder.EclipseLogger - Using 'UTF-8' encoding to copy filtered resources.
2022-07-28 00:48:38,590 [Worker-0: Building] INFO  o.e.m.c.i.embedder.EclipseLogger - skip non existing resourceDirectory D:\Practica\quiz-game\quiz-game-back\quiz-game\src\main\resources
2022-07-28 00:48:38,593 [Worker-0: Building] INFO  o.e.m.c.i.embedder.EclipseLogger - Using 'UTF-8' encoding to copy filtered resources.
2022-07-28 00:48:38,593 [Worker-0: Building] INFO  o.e.m.c.i.embedder.EclipseLogger - skip non existing resourceDirectory D:\Practica\quiz-game\quiz-game-back\quiz-game\src\test\resources
2022-07-28 00:48:45,902 [Worker-5: Building] INFO  o.e.m.c.i.embedder.EclipseLogger - Using 'UTF-8' encoding to copy filtered resources.
2022-07-28 00:48:45,902 [Worker-5: Building] INFO  o.e.m.c.i.embedder.EclipseLogger - skip non existing resourceDirectory D:\Practica\quiz-game\quiz-game-back\quiz-game\src\main\resources
2022-07-28 00:48:45,908 [Worker-5: Building] INFO  o.e.m.c.i.embedder.EclipseLogger - Using 'UTF-8' encoding to copy filtered resources.
2022-07-28 00:48:45,909 [Worker-5: Building] INFO  o.e.m.c.i.embedder.EclipseLogger - skip non existing resourceDirectory D:\Practica\quiz-game\quiz-game-back\quiz-game\src\test\resources
2022-07-28 00:48:54,674 [Worker-8: Building] INFO  o.e.m.c.i.embedder.EclipseLogger - Using 'UTF-8' encoding to copy filtered resources.
2022-07-28 00:48:54,674 [Worker-8: Building] INFO  o.e.m.c.i.embedder.EclipseLogger - skip non existing resourceDirectory D:\Practica\quiz-game\quiz-game-back\quiz-game\src\main\resources
2022-07-28 00:48:54,675 [Worker-8: Building] INFO  o.e.m.c.i.embedder.EclipseLogger - Using 'UTF-8' encoding to copy filtered resources.
2022-07-28 00:48:54,676 [Worker-8: Building] INFO  o.e.m.c.i.embedder.EclipseLogger - skip non existing resourceDirectory D:\Practica\quiz-game\quiz-game-back\quiz-game\src\test\resources
2022-07-28 00:49:56,950 [Worker-0: Loading available Gradle versions] INFO  o.e.b.c.i.u.g.PublishedGradleVersions - Gradle version information cache is up-to-date. Trying to read.
2022-07-28 00:50:38,949 [Worker-8: Building] INFO  o.e.m.c.i.embedder.EclipseLogger - Using 'UTF-8' encoding to copy filtered resources.
2022-07-28 00:50:38,951 [Worker-8: Building] INFO  o.e.m.c.i.embedder.EclipseLogger - skip non existing resourceDirectory D:\Practica\quiz-game\quiz-game-back\quiz-game\src\main\resources
2022-07-28 00:50:38,954 [Worker-8: Building] INFO  o.e.m.c.i.embedder.EclipseLogger - Using 'UTF-8' encoding to copy filtered resources.
2022-07-28 00:50:38,954 [Worker-8: Building] INFO  o.e.m.c.i.embedder.EclipseLogger - skip non existing resourceDirectory D:\Practica\quiz-game\quiz-game-back\quiz-game\src\test\resources
2022-07-28 00:50:55,831 [Worker-6: Building] INFO  o.e.m.c.i.embedder.EclipseLogger - Using 'UTF-8' encoding to copy filtered resources.
2022-07-28 00:50:55,831 [Worker-6: Building] INFO  o.e.m.c.i.embedder.EclipseLogger - skip non existing resourceDirectory D:\Practica\quiz-game\quiz-game-back\quiz-game\src\main\resources
2022-07-28 00:50:55,833 [Worker-6: Building] INFO  o.e.m.c.i.embedder.EclipseLogger - Using 'UTF-8' encoding to copy filtered resources.
2022-07-28 00:50:55,833 [Worker-6: Building] INFO  o.e.m.c.i.embedder.EclipseLogger - skip non existing resourceDirectory D:\Practica\quiz-game\quiz-game-back\quiz-game\src\test\resources
2022-07-28 00:51:04,279 [Worker-1: Building] INFO  o.e.m.c.i.embedder.EclipseLogger - Using 'UTF-8' encoding to copy filtered resources.
2022-07-28 00:51:04,279 [Worker-1: Building] INFO  o.e.m.c.i.embedder.EclipseLogger - skip non existing resourceDirectory D:\Practica\quiz-game\quiz-game-back\quiz-game\src\main\resources
2022-07-28 00:51:04,280 [Worker-1: Building] INFO  o.e.m.c.i.embedder.EclipseLogger - Using 'UTF-8' encoding to copy filtered resources.
2022-07-28 00:51:04,281 [Worker-1: Building] INFO  o.e.m.c.i.embedder.EclipseLogger - skip non existing resourceDirectory D:\Practica\quiz-game\quiz-game-back\quiz-game\src\test\resources
2022-07-28 00:51:15,388 [Worker-1: Building] INFO  o.e.m.c.i.embedder.EclipseLogger - Using 'UTF-8' encoding to copy filtered resources.
2022-07-28 00:51:15,388 [Worker-1: Building] INFO  o.e.m.c.i.embedder.EclipseLogger - skip non existing resourceDirectory D:\Practica\quiz-game\quiz-game-back\quiz-game\src\main\resources
2022-07-28 00:51:15,390 [Worker-1: Building] INFO  o.e.m.c.i.embedder.EclipseLogger - Using 'UTF-8' encoding to copy filtered resources.
2022-07-28 00:51:15,390 [Worker-1: Building] INFO  o.e.m.c.i.embedder.EclipseLogger - skip non existing resourceDirectory D:\Practica\quiz-game\quiz-game-back\quiz-game\src\test\resources
2022-07-28 00:51:27,337 [Worker-3: Building] INFO  o.e.m.c.i.embedder.EclipseLogger - Using 'UTF-8' encoding to copy filtered resources.
2022-07-28 00:51:27,338 [Worker-3: Building] INFO  o.e.m.c.i.embedder.EclipseLogger - skip non existing resourceDirectory D:\Practica\quiz-game\quiz-game-back\quiz-game\src\main\resources
2022-07-28 00:51:27,339 [Worker-3: Building] INFO  o.e.m.c.i.embedder.EclipseLogger - Using 'UTF-8' encoding to copy filtered resources.
2022-07-28 00:51:27,339 [Worker-3: Building] INFO  o.e.m.c.i.embedder.EclipseLogger - skip non existing resourceDirectory D:\Practica\quiz-game\quiz-game-back\quiz-game\src\test\resources
2022-07-28 00:51:36,653 [Worker-6: Building] INFO  o.e.m.c.i.embedder.EclipseLogger - Using 'UTF-8' encoding to copy filtered resources.
2022-07-28 00:51:36,654 [Worker-6: Building] INFO  o.e.m.c.i.embedder.EclipseLogger - skip non existing resourceDirectory D:\Practica\quiz-game\quiz-game-back\quiz-game\src\main\resources
2022-07-28 00:51:36,659 [Worker-6: Building] INFO  o.e.m.c.i.embedder.EclipseLogger - Using 'UTF-8' encoding to copy filtered resources.
2022-07-28 00:51:36,659 [Worker-6: Building] INFO  o.e.m.c.i.embedder.EclipseLogger - skip non existing resourceDirectory D:\Practica\quiz-game\quiz-game-back\quiz-game\src\test\resources
2022-07-28 00:52:03,515 [Worker-6: Building] INFO  o.e.m.c.i.embedder.EclipseLogger - Using 'UTF-8' encoding to copy filtered resources.
2022-07-28 00:52:03,515 [Worker-6: Building] INFO  o.e.m.c.i.embedder.EclipseLogger - skip non existing resourceDirectory D:\Practica\quiz-game\quiz-game-back\quiz-game\src\main\resources
2022-07-28 00:52:03,516 [Worker-6: Building] INFO  o.e.m.c.i.embedder.EclipseLogger - Using 'UTF-8' encoding to copy filtered resources.
2022-07-28 00:52:03,516 [Worker-6: Building] INFO  o.e.m.c.i.embedder.EclipseLogger - skip non existing resourceDirectory D:\Practica\quiz-game\quiz-game-back\quiz-game\src\test\resources
2022-07-28 00:52:13,447 [Worker-8: Building] INFO  o.e.m.c.i.embedder.EclipseLogger - Using 'UTF-8' encoding to copy filtered resources.
2022-07-28 00:52:13,448 [Worker-8: Building] INFO  o.e.m.c.i.embedder.EclipseLogger - skip non existing resourceDirectory D:\Practica\quiz-game\quiz-game-back\quiz-game\src\main\resources
2022-07-28 00:52:13,450 [Worker-8: Building] INFO  o.e.m.c.i.embedder.EclipseLogger - Using 'UTF-8' encoding to copy filtered resources.
2022-07-28 00:52:13,451 [Worker-8: Building] INFO  o.e.m.c.i.embedder.EclipseLogger - skip non existing resourceDirectory D:\Practica\quiz-game\quiz-game-back\quiz-game\src\test\resources
2022-07-28 00:52:25,294 [Worker-9: Building] INFO  o.e.m.c.i.embedder.EclipseLogger - Using 'UTF-8' encoding to copy filtered resources.
2022-07-28 00:52:25,294 [Worker-9: Building] INFO  o.e.m.c.i.embedder.EclipseLogger - skip non existing resourceDirectory D:\Practica\quiz-game\quiz-game-back\quiz-game\src\main\resources
2022-07-28 00:52:25,296 [Worker-9: Building] INFO  o.e.m.c.i.embedder.EclipseLogger - Using 'UTF-8' encoding to copy filtered resources.
2022-07-28 00:52:25,296 [Worker-9: Building] INFO  o.e.m.c.i.embedder.EclipseLogger - skip non existing resourceDirectory D:\Practica\quiz-game\quiz-game-back\quiz-game\src\test\resources
2022-07-28 00:52:34,168 [Worker-8: Building] INFO  o.e.m.c.i.embedder.EclipseLogger - Using 'UTF-8' encoding to copy filtered resources.
2022-07-28 00:52:34,169 [Worker-8: Building] INFO  o.e.m.c.i.embedder.EclipseLogger - skip non existing resourceDirectory D:\Practica\quiz-game\quiz-game-back\quiz-game\src\main\resources
2022-07-28 00:52:34,170 [Worker-8: Building] INFO  o.e.m.c.i.embedder.EclipseLogger - Using 'UTF-8' encoding to copy filtered resources.
2022-07-28 00:52:34,171 [Worker-8: Building] INFO  o.e.m.c.i.embedder.EclipseLogger - skip non existing resourceDirectory D:\Practica\quiz-game\quiz-game-back\quiz-game\src\test\resources
2022-07-28 00:54:08,925 [Worker-1: Building] INFO  o.e.m.c.i.embedder.EclipseLogger - Using 'UTF-8' encoding to copy filtered resources.
2022-07-28 00:54:08,926 [Worker-1: Building] INFO  o.e.m.c.i.embedder.EclipseLogger - skip non existing resourceDirectory D:\Practica\quiz-game\quiz-game-back\quiz-game\src\main\resources
2022-07-28 00:54:08,927 [Worker-1: Building] INFO  o.e.m.c.i.embedder.EclipseLogger - Using 'UTF-8' encoding to copy filtered resources.
2022-07-28 00:54:08,927 [Worker-1: Building] INFO  o.e.m.c.i.embedder.EclipseLogger - skip non existing resourceDirectory D:\Practica\quiz-game\quiz-game-back\quiz-game\src\test\resources
2022-07-28 00:58:14,111 [Worker-10: Building] INFO  o.e.m.c.i.embedder.EclipseLogger - Using 'UTF-8' encoding to copy filtered resources.
2022-07-28 00:58:14,111 [Worker-10: Building] INFO  o.e.m.c.i.embedder.EclipseLogger - skip non existing resourceDirectory D:\Practica\quiz-game\quiz-game-back\quiz-game\src\main\resources
2022-07-28 00:58:14,112 [Worker-10: Building] INFO  o.e.m.c.i.embedder.EclipseLogger - Using 'UTF-8' encoding to copy filtered resources.
2022-07-28 00:58:14,113 [Worker-10: Building] INFO  o.e.m.c.i.embedder.EclipseLogger - skip non existing resourceDirectory D:\Practica\quiz-game\quiz-game-back\quiz-game\src\test\resources
2022-07-28 00:58:24,616 [Worker-10: Building] INFO  o.e.m.c.i.embedder.EclipseLogger - Using 'UTF-8' encoding to copy filtered resources.
2022-07-28 00:58:24,616 [Worker-10: Building] INFO  o.e.m.c.i.embedder.EclipseLogger - skip non existing resourceDirectory D:\Practica\quiz-game\quiz-game-back\quiz-game\src\main\resources
2022-07-28 00:58:24,617 [Worker-10: Building] INFO  o.e.m.c.i.embedder.EclipseLogger - Using 'UTF-8' encoding to copy filtered resources.
2022-07-28 00:58:24,618 [Worker-10: Building] INFO  o.e.m.c.i.embedder.EclipseLogger - skip non existing resourceDirectory D:\Practica\quiz-game\quiz-game-back\quiz-game\src\test\resources
2022-07-28 00:58:40,203 [Worker-1: Building] INFO  o.e.m.c.i.embedder.EclipseLogger - Using 'UTF-8' encoding to copy filtered resources.
2022-07-28 00:58:40,203 [Worker-1: Building] INFO  o.e.m.c.i.embedder.EclipseLogger - skip non existing resourceDirectory D:\Practica\quiz-game\quiz-game-back\quiz-game\src\main\resources
2022-07-28 00:58:40,205 [Worker-1: Building] INFO  o.e.m.c.i.embedder.EclipseLogger - Using 'UTF-8' encoding to copy filtered resources.
2022-07-28 00:58:40,205 [Worker-1: Building] INFO  o.e.m.c.i.embedder.EclipseLogger - skip non existing resourceDirectory D:\Practica\quiz-game\quiz-game-back\quiz-game\src\test\resources
2022-07-28 01:00:25,179 [Worker-10: Building] INFO  o.e.m.c.i.embedder.EclipseLogger - Using 'UTF-8' encoding to copy filtered resources.
2022-07-28 01:00:25,180 [Worker-10: Building] INFO  o.e.m.c.i.embedder.EclipseLogger - skip non existing resourceDirectory D:\Practica\quiz-game\quiz-game-back\quiz-game\src\main\resources
2022-07-28 01:00:25,181 [Worker-10: Building] INFO  o.e.m.c.i.embedder.EclipseLogger - Using 'UTF-8' encoding to copy filtered resources.
2022-07-28 01:00:25,181 [Worker-10: Building] INFO  o.e.m.c.i.embedder.EclipseLogger - skip non existing resourceDirectory D:\Practica\quiz-game\quiz-game-back\quiz-game\src\test\resources
2022-07-28 01:00:29,322 [Worker-2: Building] INFO  o.e.m.c.i.embedder.EclipseLogger - Using 'UTF-8' encoding to copy filtered resources.
2022-07-28 01:00:29,322 [Worker-2: Building] INFO  o.e.m.c.i.embedder.EclipseLogger - skip non existing resourceDirectory D:\Practica\quiz-game\quiz-game-back\quiz-game\src\main\resources
2022-07-28 01:00:29,325 [Worker-2: Building] INFO  o.e.m.c.i.embedder.EclipseLogger - Using 'UTF-8' encoding to copy filtered resources.
2022-07-28 01:00:29,325 [Worker-2: Building] INFO  o.e.m.c.i.embedder.EclipseLogger - skip non existing resourceDirectory D:\Practica\quiz-game\quiz-game-back\quiz-game\src\test\resources
2022-07-28 01:00:39,620 [Worker-1: Building] INFO  o.e.m.c.i.embedder.EclipseLogger - Using 'UTF-8' encoding to copy filtered resources.
2022-07-28 01:00:39,620 [Worker-1: Building] INFO  o.e.m.c.i.embedder.EclipseLogger - skip non existing resourceDirectory D:\Practica\quiz-game\quiz-game-back\quiz-game\src\main\resources
2022-07-28 01:00:39,623 [Worker-1: Building] INFO  o.e.m.c.i.embedder.EclipseLogger - Using 'UTF-8' encoding to copy filtered resources.
2022-07-28 01:00:39,624 [Worker-1: Building] INFO  o.e.m.c.i.embedder.EclipseLogger - skip non existing resourceDirectory D:\Practica\quiz-game\quiz-game-back\quiz-game\src\test\resources
2022-07-28 01:01:15,518 [Worker-10: Building] INFO  o.e.m.c.i.embedder.EclipseLogger - Using 'UTF-8' encoding to copy filtered resources.
2022-07-28 01:01:15,518 [Worker-10: Building] INFO  o.e.m.c.i.embedder.EclipseLogger - skip non existing resourceDirectory D:\Practica\quiz-game\quiz-game-back\quiz-game\src\main\resources
2022-07-28 01:01:15,519 [Worker-10: Building] INFO  o.e.m.c.i.embedder.EclipseLogger - Using 'UTF-8' encoding to copy filtered resources.
2022-07-28 01:01:15,519 [Worker-10: Building] INFO  o.e.m.c.i.embedder.EclipseLogger - skip non existing resourceDirectory D:\Practica\quiz-game\quiz-game-back\quiz-game\src\test\resources
2022-07-28 01:06:47,249 [Worker-12: Building] INFO  o.e.m.c.i.embedder.EclipseLogger - Using 'UTF-8' encoding to copy filtered resources.
2022-07-28 01:06:47,249 [Worker-12: Building] INFO  o.e.m.c.i.embedder.EclipseLogger - skip non existing resourceDirectory D:\Practica\quiz-game\quiz-game-back\quiz-game\src\main\resources
2022-07-28 01:06:47,250 [Worker-12: Building] INFO  o.e.m.c.i.embedder.EclipseLogger - Using 'UTF-8' encoding to copy filtered resources.
2022-07-28 01:06:47,251 [Worker-12: Building] INFO  o.e.m.c.i.embedder.EclipseLogger - skip non existing resourceDirectory D:\Practica\quiz-game\quiz-game-back\quiz-game\src\test\resources
2022-07-28 01:08:18,910 [Worker-2: Building] INFO  o.e.m.c.i.embedder.EclipseLogger - Using 'UTF-8' encoding to copy filtered resources.
2022-07-28 01:08:18,910 [Worker-2: Building] INFO  o.e.m.c.i.embedder.EclipseLogger - skip non existing resourceDirectory D:\Practica\quiz-game\quiz-game-back\quiz-game\src\main\resources
2022-07-28 01:08:18,912 [Worker-2: Building] INFO  o.e.m.c.i.embedder.EclipseLogger - Using 'UTF-8' encoding to copy filtered resources.
2022-07-28 01:08:18,912 [Worker-2: Building] INFO  o.e.m.c.i.embedder.EclipseLogger - skip non existing resourceDirectory D:\Practica\quiz-game\quiz-game-back\quiz-game\src\test\resources
2022-07-28 01:10:14,603 [Worker-2: Building] INFO  o.e.m.c.i.embedder.EclipseLogger - Using 'UTF-8' encoding to copy filtered resources.
2022-07-28 01:10:14,603 [Worker-2: Building] INFO  o.e.m.c.i.embedder.EclipseLogger - skip non existing resourceDirectory D:\Practica\quiz-game\quiz-game-back\quiz-game\src\main\resources
2022-07-28 01:10:14,605 [Worker-2: Building] INFO  o.e.m.c.i.embedder.EclipseLogger - Using 'UTF-8' encoding to copy filtered resources.
2022-07-28 01:10:14,605 [Worker-2: Building] INFO  o.e.m.c.i.embedder.EclipseLogger - skip non existing resourceDirectory D:\Practica\quiz-game\quiz-game-back\quiz-game\src\test\resources
2022-07-28 01:12:29,364 [Worker-15: Building] INFO  o.e.m.c.i.embedder.EclipseLogger - Using 'UTF-8' encoding to copy filtered resources.
2022-07-28 01:12:29,365 [Worker-15: Building] INFO  o.e.m.c.i.embedder.EclipseLogger - skip non existing resourceDirectory D:\Practica\quiz-game\quiz-game-back\quiz-game\src\main\resources
2022-07-28 01:12:29,366 [Worker-15: Building] INFO  o.e.m.c.i.embedder.EclipseLogger - Using 'UTF-8' encoding to copy filtered resources.
2022-07-28 01:12:29,366 [Worker-15: Building] INFO  o.e.m.c.i.embedder.EclipseLogger - skip non existing resourceDirectory D:\Practica\quiz-game\quiz-game-back\quiz-game\src\test\resources
2022-07-28 01:12:39,601 [Worker-2: Building] INFO  o.e.m.c.i.embedder.EclipseLogger - Using 'UTF-8' encoding to copy filtered resources.
2022-07-28 01:12:39,602 [Worker-2: Building] INFO  o.e.m.c.i.embedder.EclipseLogger - skip non existing resourceDirectory D:\Practica\quiz-game\quiz-game-back\quiz-game\src\main\resources
2022-07-28 01:12:39,603 [Worker-2: Building] INFO  o.e.m.c.i.embedder.EclipseLogger - Using 'UTF-8' encoding to copy filtered resources.
2022-07-28 01:12:39,603 [Worker-2: Building] INFO  o.e.m.c.i.embedder.EclipseLogger - skip non existing resourceDirectory D:\Practica\quiz-game\quiz-game-back\quiz-game\src\test\resources
2022-07-28 01:14:54,458 [Worker-15: Building] INFO  o.e.m.c.i.embedder.EclipseLogger - Using 'UTF-8' encoding to copy filtered resources.
2022-07-28 01:14:54,459 [Worker-15: Building] INFO  o.e.m.c.i.embedder.EclipseLogger - skip non existing resourceDirectory D:\Practica\quiz-game\quiz-game-back\quiz-game\src\main\resources
2022-07-28 01:14:54,460 [Worker-15: Building] INFO  o.e.m.c.i.embedder.EclipseLogger - Using 'UTF-8' encoding to copy filtered resources.
2022-07-28 01:14:54,460 [Worker-15: Building] INFO  o.e.m.c.i.embedder.EclipseLogger - skip non existing resourceDirectory D:\Practica\quiz-game\quiz-game-back\quiz-game\src\test\resources
2022-07-28 01:15:30,073 [Worker-15: Building] INFO  o.e.m.c.i.embedder.EclipseLogger - Using 'UTF-8' encoding to copy filtered resources.
2022-07-28 01:15:30,074 [Worker-15: Building] INFO  o.e.m.c.i.embedder.EclipseLogger - skip non existing resourceDirectory D:\Practica\quiz-game\quiz-game-back\quiz-game\src\main\resources
2022-07-28 01:15:30,075 [Worker-15: Building] INFO  o.e.m.c.i.embedder.EclipseLogger - Using 'UTF-8' encoding to copy filtered resources.
2022-07-28 01:15:30,075 [Worker-15: Building] INFO  o.e.m.c.i.embedder.EclipseLogger - skip non existing resourceDirectory D:\Practica\quiz-game\quiz-game-back\quiz-game\src\test\resources
2022-07-28 01:16:36,064 [Worker-14: Building] INFO  o.e.m.c.i.embedder.EclipseLogger - Using 'UTF-8' encoding to copy filtered resources.
2022-07-28 01:16:36,064 [Worker-14: Building] INFO  o.e.m.c.i.embedder.EclipseLogger - skip non existing resourceDirectory D:\Practica\quiz-game\quiz-game-back\quiz-game\src\main\resources
2022-07-28 01:16:36,066 [Worker-14: Building] INFO  o.e.m.c.i.embedder.EclipseLogger - Using 'UTF-8' encoding to copy filtered resources.
2022-07-28 01:16:36,066 [Worker-14: Building] INFO  o.e.m.c.i.embedder.EclipseLogger - skip non existing resourceDirectory D:\Practica\quiz-game\quiz-game-back\quiz-game\src\test\resources
2022-07-28 01:17:15,969 [Worker-14: Building] INFO  o.e.m.c.i.embedder.EclipseLogger - Using 'UTF-8' encoding to copy filtered resources.
2022-07-28 01:17:15,969 [Worker-14: Building] INFO  o.e.m.c.i.embedder.EclipseLogger - skip non existing resourceDirectory D:\Practica\quiz-game\quiz-game-back\quiz-game\src\main\resources
2022-07-28 01:17:15,971 [Worker-14: Building] INFO  o.e.m.c.i.embedder.EclipseLogger - Using 'UTF-8' encoding to copy filtered resources.
2022-07-28 01:17:15,971 [Worker-14: Building] INFO  o.e.m.c.i.embedder.EclipseLogger - skip non existing resourceDirectory D:\Practica\quiz-game\quiz-game-back\quiz-game\src\test\resources
2022-07-28 01:22:12,501 [Worker-16: Building] INFO  o.e.m.c.i.embedder.EclipseLogger - Using 'UTF-8' encoding to copy filtered resources.
2022-07-28 01:22:12,501 [Worker-16: Building] INFO  o.e.m.c.i.embedder.EclipseLogger - skip non existing resourceDirectory D:\Practica\quiz-game\quiz-game-back\quiz-game\src\main\resources
2022-07-28 01:22:12,503 [Worker-16: Building] INFO  o.e.m.c.i.embedder.EclipseLogger - Using 'UTF-8' encoding to copy filtered resources.
2022-07-28 01:22:12,503 [Worker-16: Building] INFO  o.e.m.c.i.embedder.EclipseLogger - skip non existing resourceDirectory D:\Practica\quiz-game\quiz-game-back\quiz-game\src\test\resources
2022-07-28 01:23:40,390 [Worker-2: Building] INFO  o.e.m.c.i.embedder.EclipseLogger - Using 'UTF-8' encoding to copy filtered resources.
2022-07-28 01:23:40,391 [Worker-2: Building] INFO  o.e.m.c.i.embedder.EclipseLogger - skip non existing resourceDirectory D:\Practica\quiz-game\quiz-game-back\quiz-game\src\main\resources
2022-07-28 01:23:40,392 [Worker-2: Building] INFO  o.e.m.c.i.embedder.EclipseLogger - Using 'UTF-8' encoding to copy filtered resources.
2022-07-28 01:23:40,392 [Worker-2: Building] INFO  o.e.m.c.i.embedder.EclipseLogger - skip non existing resourceDirectory D:\Practica\quiz-game\quiz-game-back\quiz-game\src\test\resources
2022-07-28 01:24:31,297 [Worker-19: Building] INFO  o.e.m.c.i.embedder.EclipseLogger - Using 'UTF-8' encoding to copy filtered resources.
2022-07-28 01:24:31,297 [Worker-19: Building] INFO  o.e.m.c.i.embedder.EclipseLogger - skip non existing resourceDirectory D:\Practica\quiz-game\quiz-game-back\quiz-game\src\main\resources
2022-07-28 01:24:31,298 [Worker-19: Building] INFO  o.e.m.c.i.embedder.EclipseLogger - Using 'UTF-8' encoding to copy filtered resources.
2022-07-28 01:24:31,298 [Worker-19: Building] INFO  o.e.m.c.i.embedder.EclipseLogger - skip non existing resourceDirectory D:\Practica\quiz-game\quiz-game-back\quiz-game\src\test\resources
2022-07-28 01:30:58,927 [Worker-19: Building] INFO  o.e.m.c.i.embedder.EclipseLogger - Using 'UTF-8' encoding to copy filtered resources.
2022-07-28 01:30:58,928 [Worker-19: Building] INFO  o.e.m.c.i.embedder.EclipseLogger - skip non existing resourceDirectory D:\Practica\quiz-game\quiz-game-back\quiz-game\src\main\resources
2022-07-28 01:30:58,929 [Worker-19: Building] INFO  o.e.m.c.i.embedder.EclipseLogger - Using 'UTF-8' encoding to copy filtered resources.
2022-07-28 01:30:58,929 [Worker-19: Building] INFO  o.e.m.c.i.embedder.EclipseLogger - skip non existing resourceDirectory D:\Practica\quiz-game\quiz-game-back\quiz-game\src\test\resources
2022-07-28 01:33:44,742 [Worker-19: Building] INFO  o.e.m.c.i.embedder.EclipseLogger - Using 'UTF-8' encoding to copy filtered resources.
2022-07-28 01:33:44,742 [Worker-19: Building] INFO  o.e.m.c.i.embedder.EclipseLogger - skip non existing resourceDirectory D:\Practica\quiz-game\quiz-game-back\quiz-game\src\main\resources
2022-07-28 01:33:44,743 [Worker-19: Building] INFO  o.e.m.c.i.embedder.EclipseLogger - Using 'UTF-8' encoding to copy filtered resources.
2022-07-28 01:33:44,743 [Worker-19: Building] INFO  o.e.m.c.i.embedder.EclipseLogger - skip non existing resourceDirectory D:\Practica\quiz-game\quiz-game-back\quiz-game\src\test\resources
2022-07-28 01:35:00,936 [Worker-27: Building] INFO  o.e.m.c.i.embedder.EclipseLogger - Using 'UTF-8' encoding to copy filtered resources.
2022-07-28 01:35:00,936 [Worker-27: Building] INFO  o.e.m.c.i.embedder.EclipseLogger - skip non existing resourceDirectory D:\Practica\quiz-game\quiz-game-back\quiz-game\src\main\resources
2022-07-28 01:35:00,937 [Worker-27: Building] INFO  o.e.m.c.i.embedder.EclipseLogger - Using 'UTF-8' encoding to copy filtered resources.
2022-07-28 01:35:00,937 [Worker-27: Building] INFO  o.e.m.c.i.embedder.EclipseLogger - skip non existing resourceDirectory D:\Practica\quiz-game\quiz-game-back\quiz-game\src\test\resources
2022-07-28 01:38:07,436 [Worker-28: Building] INFO  o.e.m.c.i.embedder.EclipseLogger - Using 'UTF-8' encoding to copy filtered resources.
2022-07-28 01:38:07,436 [Worker-28: Building] INFO  o.e.m.c.i.embedder.EclipseLogger - skip non existing resourceDirectory D:\Practica\quiz-game\quiz-game-back\quiz-game\src\main\resources
2022-07-28 01:38:07,440 [Worker-28: Building] INFO  o.e.m.c.i.embedder.EclipseLogger - Using 'UTF-8' encoding to copy filtered resources.
2022-07-28 01:38:07,441 [Worker-28: Building] INFO  o.e.m.c.i.embedder.EclipseLogger - skip non existing resourceDirectory D:\Practica\quiz-game\quiz-game-back\quiz-game\src\test\resources
2022-07-28 01:41:07,513 [Worker-28: Building] INFO  o.e.m.c.i.embedder.EclipseLogger - Using 'UTF-8' encoding to copy filtered resources.
2022-07-28 01:41:07,513 [Worker-28: Building] INFO  o.e.m.c.i.embedder.EclipseLogger - skip non existing resourceDirectory D:\Practica\quiz-game\quiz-game-back\quiz-game\src\main\resources
2022-07-28 01:41:07,514 [Worker-28: Building] INFO  o.e.m.c.i.embedder.EclipseLogger - Using 'UTF-8' encoding to copy filtered resources.
2022-07-28 01:41:07,514 [Worker-28: Building] INFO  o.e.m.c.i.embedder.EclipseLogger - skip non existing resourceDirectory D:\Practica\quiz-game\quiz-game-back\quiz-game\src\test\resources
2022-07-28 01:42:47,772 [Worker-31: Building] INFO  o.e.m.c.i.embedder.EclipseLogger - Using 'UTF-8' encoding to copy filtered resources.
2022-07-28 01:42:47,773 [Worker-31: Building] INFO  o.e.m.c.i.embedder.EclipseLogger - skip non existing resourceDirectory D:\Practica\quiz-game\quiz-game-back\quiz-game\src\main\resources
2022-07-28 01:42:47,774 [Worker-31: Building] INFO  o.e.m.c.i.embedder.EclipseLogger - Using 'UTF-8' encoding to copy filtered resources.
2022-07-28 01:42:47,774 [Worker-31: Building] INFO  o.e.m.c.i.embedder.EclipseLogger - skip non existing resourceDirectory D:\Practica\quiz-game\quiz-game-back\quiz-game\src\test\resources
2022-07-28 01:47:37,483 [Worker-31: Building] INFO  o.e.m.c.i.embedder.EclipseLogger - Using 'UTF-8' encoding to copy filtered resources.
2022-07-28 01:47:37,483 [Worker-31: Building] INFO  o.e.m.c.i.embedder.EclipseLogger - skip non existing resourceDirectory D:\Practica\quiz-game\quiz-game-back\quiz-game\src\main\resources
2022-07-28 01:47:37,484 [Worker-31: Building] INFO  o.e.m.c.i.embedder.EclipseLogger - Using 'UTF-8' encoding to copy filtered resources.
2022-07-28 01:47:37,484 [Worker-31: Building] INFO  o.e.m.c.i.embedder.EclipseLogger - skip non existing resourceDirectory D:\Practica\quiz-game\quiz-game-back\quiz-game\src\test\resources
2022-07-28 01:48:17,995 [Worker-35: Building] INFO  o.e.m.c.i.embedder.EclipseLogger - Using 'UTF-8' encoding to copy filtered resources.
2022-07-28 01:48:17,996 [Worker-35: Building] INFO  o.e.m.c.i.embedder.EclipseLogger - skip non existing resourceDirectory D:\Practica\quiz-game\quiz-game-back\quiz-game\src\main\resources
2022-07-28 01:48:17,996 [Worker-35: Building] INFO  o.e.m.c.i.embedder.EclipseLogger - Using 'UTF-8' encoding to copy filtered resources.
2022-07-28 01:48:17,997 [Worker-35: Building] INFO  o.e.m.c.i.embedder.EclipseLogger - skip non existing resourceDirectory D:\Practica\quiz-game\quiz-game-back\quiz-game\src\test\resources
2022-07-28 01:48:28,126 [Worker-36: Building] INFO  o.e.m.c.i.embedder.EclipseLogger - Using 'UTF-8' encoding to copy filtered resources.
2022-07-28 01:48:28,126 [Worker-36: Building] INFO  o.e.m.c.i.embedder.EclipseLogger - skip non existing resourceDirectory D:\Practica\quiz-game\quiz-game-back\quiz-game\src\main\resources
2022-07-28 01:48:28,127 [Worker-36: Building] INFO  o.e.m.c.i.embedder.EclipseLogger - Using 'UTF-8' encoding to copy filtered resources.
2022-07-28 01:48:28,127 [Worker-36: Building] INFO  o.e.m.c.i.embedder.EclipseLogger - skip non existing resourceDirectory D:\Practica\quiz-game\quiz-game-back\quiz-game\src\test\resources
2022-07-28 01:48:40,708 [Worker-36: Building] INFO  o.e.m.c.i.embedder.EclipseLogger - Using 'UTF-8' encoding to copy filtered resources.
2022-07-28 01:48:40,708 [Worker-36: Building] INFO  o.e.m.c.i.embedder.EclipseLogger - skip non existing resourceDirectory D:\Practica\quiz-game\quiz-game-back\quiz-game\src\main\resources
2022-07-28 01:48:40,709 [Worker-36: Building] INFO  o.e.m.c.i.embedder.EclipseLogger - Using 'UTF-8' encoding to copy filtered resources.
2022-07-28 01:48:40,710 [Worker-36: Building] INFO  o.e.m.c.i.embedder.EclipseLogger - skip non existing resourceDirectory D:\Practica\quiz-game\quiz-game-back\quiz-game\src\test\resources
2022-07-28 01:51:03,387 [Worker-35: Building] INFO  o.e.m.c.i.embedder.EclipseLogger - Using 'UTF-8' encoding to copy filtered resources.
2022-07-28 01:51:03,387 [Worker-35: Building] INFO  o.e.m.c.i.embedder.EclipseLogger - skip non existing resourceDirectory D:\Practica\quiz-game\quiz-game-back\quiz-game\src\main\resources
2022-07-28 01:51:03,388 [Worker-35: Building] INFO  o.e.m.c.i.embedder.EclipseLogger - Using 'UTF-8' encoding to copy filtered resources.
2022-07-28 01:51:03,388 [Worker-35: Building] INFO  o.e.m.c.i.embedder.EclipseLogger - skip non existing resourceDirectory D:\Practica\quiz-game\quiz-game-back\quiz-game\src\test\resources
2022-07-28 01:51:33,419 [Worker-35: Building] INFO  o.e.m.c.i.embedder.EclipseLogger - Using 'UTF-8' encoding to copy filtered resources.
2022-07-28 01:51:33,419 [Worker-35: Building] INFO  o.e.m.c.i.embedder.EclipseLogger - skip non existing resourceDirectory D:\Practica\quiz-game\quiz-game-back\quiz-game\src\main\resources
2022-07-28 01:51:33,420 [Worker-35: Building] INFO  o.e.m.c.i.embedder.EclipseLogger - Using 'UTF-8' encoding to copy filtered resources.
2022-07-28 01:51:33,420 [Worker-35: Building] INFO  o.e.m.c.i.embedder.EclipseLogger - skip non existing resourceDirectory D:\Practica\quiz-game\quiz-game-back\quiz-game\src\test\resources
2022-07-28 21:13:49,789 [Worker-0: Loading available Gradle versions] INFO  o.e.b.c.i.u.g.PublishedGradleVersions - Gradle version information cache is up-to-date. Trying to read.
2022-08-17 14:43:42,798 [Worker-0: Loading available Gradle versions] INFO  o.e.b.c.i.u.g.PublishedGradleVersions - Gradle version information cache is out-of-date. Trying to update.
